<?xml version="1.0" encoding="UTF-8"?>
<!-- Generated by org.testng.reporters.JUnitReportReporter -->
<testsuite hostname="VENKAT" name="com.journey.tests.Test" tests="2" failures="0" timestamp="24 Jan 2018 17:53:50 GMT" time="0.019" errors="0">
  <testcase name="sub" time="0.003" classname="com.journey.tests.Test"/>
  <testcase name="add" time="0.016" classname="com.journey.tests.Test"/>
</testsuite> <!-- com.journey.tests.Test -->
