<?xml version="1.0" encoding="UTF-8"?>
<!-- Generated by org.testng.reporters.JUnitReportReporter -->
<testsuite hostname="VENKAT" name="com.journey.tests.FlightBookingSteps" tests="1" failures="0" timestamp="1 Feb 2018 02:33:33 GMT" time="23.022" errors="0">
  <testcase name="testFlightBookingSteps" time="23.022" classname="com.journey.tests.FlightBookingSteps"/>
</testsuite> <!-- com.journey.tests.FlightBookingSteps -->
