<?xml version="1.0" encoding="UTF-8"?>
<!-- Generated by org.testng.reporters.JUnitReportReporter -->
<testsuite hostname="VENKAT" name="com.journey.tests.Test2" tests="2" failures="0" timestamp="24 Jan 2018 17:53:50 GMT" time="0.009" errors="0">
  <testcase name="add" time="0.004" classname="com.journey.tests.Test2"/>
  <testcase name="sub" time="0.005" classname="com.journey.tests.Test2"/>
</testsuite> <!-- com.journey.tests.Test2 -->
