<?xml version="1.0" encoding="UTF-8"?>
<!-- Generated by org.testng.reporters.JUnitReportReporter -->
<testsuite hostname="VENKAT" name="com.journey.tests.FlightBookingSteps" tests="1" failures="0" timestamp="9 Feb 2018 06:46:35 GMT" time="71.550" errors="0">
  <testcase name="testFlightBookingSteps" time="71.550" classname="com.journey.tests.FlightBookingSteps"/>
</testsuite> <!-- com.journey.tests.FlightBookingSteps -->
